Building DAG of jobs...
Using shell: /usr/bin/bash
Provided cores: 1 (use --cores to define parallelism)
Rules claiming more threads will be scaled down.
Job stats:
job          count    min threads    max threads
---------  -------  -------------  -------------
all              1              1              1
unzip_chr       20              1              1
total           21              1              1

Select jobs to execute...

[Thu Oct 21 14:58:01 2021]
rule unzip_chr:
    input: /mnt/mydatalocal/chromosome/Chr18/Homo_sapiens.GRCh38.dna.chromosome.18.fa.gz
    output: /mnt/mydatalocal/chromosome/Chr18/Homo_sapiens.GRCh38.dna.chromosome.18.fa
    jobid: 18
    wildcards: sample=18
    resources: tmpdir=/tmp

[Thu Oct 21 14:58:02 2021]
Finished job 18.
1 of 21 steps (5%) done
Select jobs to execute...

[Thu Oct 21 14:58:02 2021]
rule unzip_chr:
    input: /mnt/mydatalocal/chromosome/Chr10/Homo_sapiens.GRCh38.dna.chromosome.10.fa.gz
    output: /mnt/mydatalocal/chromosome/Chr10/Homo_sapiens.GRCh38.dna.chromosome.10.fa
    jobid: 10
    wildcards: sample=10
    resources: tmpdir=/tmp

[Thu Oct 21 14:58:04 2021]
Finished job 10.
2 of 21 steps (10%) done
Select jobs to execute...

[Thu Oct 21 14:58:04 2021]
rule unzip_chr:
    input: /mnt/mydatalocal/chromosome/Chr3/Homo_sapiens.GRCh38.dna.chromosome.3.fa.gz
    output: /mnt/mydatalocal/chromosome/Chr3/Homo_sapiens.GRCh38.dna.chromosome.3.fa
    jobid: 3
    wildcards: sample=3
    resources: tmpdir=/tmp

[Thu Oct 21 14:58:06 2021]
Finished job 3.
3 of 21 steps (14%) done
Select jobs to execute...

[Thu Oct 21 14:58:06 2021]
rule unzip_chr:
    input: /mnt/mydatalocal/chromosome/Chr12/Homo_sapiens.GRCh38.dna.chromosome.12.fa.gz
    output: /mnt/mydatalocal/chromosome/Chr12/Homo_sapiens.GRCh38.dna.chromosome.12.fa
    jobid: 12
    wildcards: sample=12
    resources: tmpdir=/tmp

[Thu Oct 21 14:58:07 2021]
Finished job 12.
4 of 21 steps (19%) done
Select jobs to execute...

[Thu Oct 21 14:58:07 2021]
rule unzip_chr:
    input: /mnt/mydatalocal/chromosome/Chr5/Homo_sapiens.GRCh38.dna.chromosome.5.fa.gz
    output: /mnt/mydatalocal/chromosome/Chr5/Homo_sapiens.GRCh38.dna.chromosome.5.fa
    jobid: 5
    wildcards: sample=5
    resources: tmpdir=/tmp

[Thu Oct 21 14:58:09 2021]
Finished job 5.
5 of 21 steps (24%) done
Select jobs to execute...

[Thu Oct 21 14:58:09 2021]
rule unzip_chr:
    input: /mnt/mydatalocal/chromosome/Chr11/Homo_sapiens.GRCh38.dna.chromosome.11.fa.gz
    output: /mnt/mydatalocal/chromosome/Chr11/Homo_sapiens.GRCh38.dna.chromosome.11.fa
    jobid: 11
    wildcards: sample=11
    resources: tmpdir=/tmp

[Thu Oct 21 14:58:11 2021]
Finished job 11.
6 of 21 steps (29%) done
Select jobs to execute...

[Thu Oct 21 14:58:11 2021]
rule unzip_chr:
    input: /mnt/mydatalocal/chromosome/Chr13/Homo_sapiens.GRCh38.dna.chromosome.13.fa.gz
    output: /mnt/mydatalocal/chromosome/Chr13/Homo_sapiens.GRCh38.dna.chromosome.13.fa
    jobid: 13
    wildcards: sample=13
    resources: tmpdir=/tmp

[Thu Oct 21 14:58:12 2021]
Finished job 13.
7 of 21 steps (33%) done
Select jobs to execute...

[Thu Oct 21 14:58:12 2021]
rule unzip_chr:
    input: /mnt/mydatalocal/chromosome/Chr6/Homo_sapiens.GRCh38.dna.chromosome.6.fa.gz
    output: /mnt/mydatalocal/chromosome/Chr6/Homo_sapiens.GRCh38.dna.chromosome.6.fa
    jobid: 6
    wildcards: sample=6
    resources: tmpdir=/tmp

[Thu Oct 21 14:58:14 2021]
Finished job 6.
8 of 21 steps (38%) done
Select jobs to execute...

[Thu Oct 21 14:58:14 2021]
rule unzip_chr:
    input: /mnt/mydatalocal/chromosome/Chr8/Homo_sapiens.GRCh38.dna.chromosome.8.fa.gz
    output: /mnt/mydatalocal/chromosome/Chr8/Homo_sapiens.GRCh38.dna.chromosome.8.fa
    jobid: 8
    wildcards: sample=8
    resources: tmpdir=/tmp

[Thu Oct 21 14:58:16 2021]
Finished job 8.
9 of 21 steps (43%) done
Select jobs to execute...

[Thu Oct 21 14:58:16 2021]
rule unzip_chr:
    input: /mnt/mydatalocal/chromosome/Chr15/Homo_sapiens.GRCh38.dna.chromosome.15.fa.gz
    output: /mnt/mydatalocal/chromosome/Chr15/Homo_sapiens.GRCh38.dna.chromosome.15.fa
    jobid: 15
    wildcards: sample=15
    resources: tmpdir=/tmp

[Thu Oct 21 14:58:17 2021]
Finished job 15.
10 of 21 steps (48%) done
Select jobs to execute...

[Thu Oct 21 14:58:17 2021]
rule unzip_chr:
    input: /mnt/mydatalocal/chromosome/Chr17/Homo_sapiens.GRCh38.dna.chromosome.17.fa.gz
    output: /mnt/mydatalocal/chromosome/Chr17/Homo_sapiens.GRCh38.dna.chromosome.17.fa
    jobid: 17
    wildcards: sample=17
    resources: tmpdir=/tmp

[Thu Oct 21 14:58:18 2021]
Finished job 17.
11 of 21 steps (52%) done
Select jobs to execute...

[Thu Oct 21 14:58:18 2021]
rule unzip_chr:
    input: /mnt/mydatalocal/chromosome/Chr21/Homo_sapiens.GRCh38.dna.chromosome.21.fa.gz
    output: /mnt/mydatalocal/chromosome/Chr21/Homo_sapiens.GRCh38.dna.chromosome.21.fa
    jobid: 21
    wildcards: sample=21
    resources: tmpdir=/tmp

[Thu Oct 21 14:58:19 2021]
Finished job 21.
12 of 21 steps (57%) done
Select jobs to execute...

[Thu Oct 21 14:58:19 2021]
rule unzip_chr:
    input: /mnt/mydatalocal/chromosome/Chr4/Homo_sapiens.GRCh38.dna.chromosome.4.fa.gz
    output: /mnt/mydatalocal/chromosome/Chr4/Homo_sapiens.GRCh38.dna.chromosome.4.fa
    jobid: 4
    wildcards: sample=4
    resources: tmpdir=/tmp

[Thu Oct 21 14:58:21 2021]
Finished job 4.
13 of 21 steps (62%) done
Select jobs to execute...

[Thu Oct 21 14:58:21 2021]
rule unzip_chr:
    input: /mnt/mydatalocal/chromosome/Chr19/Homo_sapiens.GRCh38.dna.chromosome.19.fa.gz
    output: /mnt/mydatalocal/chromosome/Chr19/Homo_sapiens.GRCh38.dna.chromosome.19.fa
    jobid: 19
    wildcards: sample=19
    resources: tmpdir=/tmp

[Thu Oct 21 14:58:21 2021]
Finished job 19.
14 of 21 steps (67%) done
Select jobs to execute...

[Thu Oct 21 14:58:21 2021]
rule unzip_chr:
    input: /mnt/mydatalocal/chromosome/Chr9/Homo_sapiens.GRCh38.dna.chromosome.9.fa.gz
    output: /mnt/mydatalocal/chromosome/Chr9/Homo_sapiens.GRCh38.dna.chromosome.9.fa
    jobid: 9
    wildcards: sample=9
    resources: tmpdir=/tmp

[Thu Oct 21 14:58:23 2021]
Finished job 9.
15 of 21 steps (71%) done
Select jobs to execute...

[Thu Oct 21 14:58:23 2021]
rule unzip_chr:
    input: /mnt/mydatalocal/chromosome/Chr1/Homo_sapiens.GRCh38.dna.chromosome.1.fa.gz
    output: /mnt/mydatalocal/chromosome/Chr1/Homo_sapiens.GRCh38.dna.chromosome.1.fa
    jobid: 1
    wildcards: sample=1
    resources: tmpdir=/tmp

[Thu Oct 21 14:58:25 2021]
Finished job 1.
16 of 21 steps (76%) done
Select jobs to execute...

[Thu Oct 21 14:58:25 2021]
rule unzip_chr:
    input: /mnt/mydatalocal/chromosome/Chr14/Homo_sapiens.GRCh38.dna.chromosome.14.fa.gz
    output: /mnt/mydatalocal/chromosome/Chr14/Homo_sapiens.GRCh38.dna.chromosome.14.fa
    jobid: 14
    wildcards: sample=14
    resources: tmpdir=/tmp

[Thu Oct 21 14:58:27 2021]
Finished job 14.
17 of 21 steps (81%) done
Select jobs to execute...

[Thu Oct 21 14:58:27 2021]
rule unzip_chr:
    input: /mnt/mydatalocal/chromosome/Chr20/Homo_sapiens.GRCh38.dna.chromosome.20.fa.gz
    output: /mnt/mydatalocal/chromosome/Chr20/Homo_sapiens.GRCh38.dna.chromosome.20.fa
    jobid: 20
    wildcards: sample=20
    resources: tmpdir=/tmp

[Thu Oct 21 14:58:28 2021]
Finished job 20.
18 of 21 steps (86%) done
Select jobs to execute...

[Thu Oct 21 14:58:28 2021]
rule unzip_chr:
    input: /mnt/mydatalocal/chromosome/Chr16/Homo_sapiens.GRCh38.dna.chromosome.16.fa.gz
    output: /mnt/mydatalocal/chromosome/Chr16/Homo_sapiens.GRCh38.dna.chromosome.16.fa
    jobid: 16
    wildcards: sample=16
    resources: tmpdir=/tmp

[Thu Oct 21 14:58:29 2021]
Finished job 16.
19 of 21 steps (90%) done
Select jobs to execute...

[Thu Oct 21 14:58:29 2021]
rule unzip_chr:
    input: /mnt/mydatalocal/chromosome/Chr7/Homo_sapiens.GRCh38.dna.chromosome.7.fa.gz
    output: /mnt/mydatalocal/chromosome/Chr7/Homo_sapiens.GRCh38.dna.chromosome.7.fa
    jobid: 7
    wildcards: sample=7
    resources: tmpdir=/tmp

[Thu Oct 21 14:58:31 2021]
Finished job 7.
20 of 21 steps (95%) done
Select jobs to execute...

[Thu Oct 21 14:58:31 2021]
localrule all:
    input: /mnt/mydatalocal/chromosome/Chr1/Homo_sapiens.GRCh38.dna.chromosome.1.fa, /mnt/mydatalocal/chromosome/Chr2/Homo_sapiens.GRCh38.dna.chromosome.2.fa, /mnt/mydatalocal/chromosome/Chr3/Homo_sapiens.GRCh38.dna.chromosome.3.fa, /mnt/mydatalocal/chromosome/Chr4/Homo_sapiens.GRCh38.dna.chromosome.4.fa, /mnt/mydatalocal/chromosome/Chr5/Homo_sapiens.GRCh38.dna.chromosome.5.fa, /mnt/mydatalocal/chromosome/Chr6/Homo_sapiens.GRCh38.dna.chromosome.6.fa, /mnt/mydatalocal/chromosome/Chr7/Homo_sapiens.GRCh38.dna.chromosome.7.fa, /mnt/mydatalocal/chromosome/Chr8/Homo_sapiens.GRCh38.dna.chromosome.8.fa, /mnt/mydatalocal/chromosome/Chr9/Homo_sapiens.GRCh38.dna.chromosome.9.fa, /mnt/mydatalocal/chromosome/Chr10/Homo_sapiens.GRCh38.dna.chromosome.10.fa, /mnt/mydatalocal/chromosome/Chr11/Homo_sapiens.GRCh38.dna.chromosome.11.fa, /mnt/mydatalocal/chromosome/Chr12/Homo_sapiens.GRCh38.dna.chromosome.12.fa, /mnt/mydatalocal/chromosome/Chr13/Homo_sapiens.GRCh38.dna.chromosome.13.fa, /mnt/mydatalocal/chromosome/Chr14/Homo_sapiens.GRCh38.dna.chromosome.14.fa, /mnt/mydatalocal/chromosome/Chr15/Homo_sapiens.GRCh38.dna.chromosome.15.fa, /mnt/mydatalocal/chromosome/Chr16/Homo_sapiens.GRCh38.dna.chromosome.16.fa, /mnt/mydatalocal/chromosome/Chr17/Homo_sapiens.GRCh38.dna.chromosome.17.fa, /mnt/mydatalocal/chromosome/Chr18/Homo_sapiens.GRCh38.dna.chromosome.18.fa, /mnt/mydatalocal/chromosome/Chr19/Homo_sapiens.GRCh38.dna.chromosome.19.fa, /mnt/mydatalocal/chromosome/Chr20/Homo_sapiens.GRCh38.dna.chromosome.20.fa, /mnt/mydatalocal/chromosome/Chr21/Homo_sapiens.GRCh38.dna.chromosome.21.fa
    jobid: 0
    resources: tmpdir=/tmp

[Thu Oct 21 14:58:31 2021]
Finished job 0.
21 of 21 steps (100%) done
Complete log: /home/ubuntu/Projet_Hackaton/.snakemake/log/2021-10-21T145800.975902.snakemake.log
