Building DAG of jobs...
Using shell: /usr/bin/bash
Provided cores: 1 (use --cores to define parallelism)
Rules claiming more threads will be scaled down.
Job stats:
job              count    min threads    max threads
-------------  -------  -------------  -------------
all                  1              1              1
unzip_genes_1        1              1              1
total                2              1              1

Select jobs to execute...

[Thu Oct 21 15:25:50 2021]
rule unzip_genes_1:
    input: /mnt/mydatalocal/genes/SRR628588/SRR628588_1.fastq.gz
    output: /mnt/mydatalocal/genes/SRR628588/SRR628588_1.fastq
    jobid: 1
    wildcards: sample=8
    resources: tmpdir=/tmp

Terminating processes on user request, this might take some time.
[Thu Oct 21 15:26:42 2021]
Error in rule unzip_genes_1:
    jobid: 1
    output: /mnt/mydatalocal/genes/SRR628588/SRR628588_1.fastq
    shell:
        
			gunzip -c /mnt/mydatalocal/genes/SRR628588/SRR628588_1.fastq.gz > /mnt/mydatalocal/genes/SRR628588/SRR628588_1.fastq
                
        (one of the commands exited with non-zero exit code; note that snakemake uses bash strict mode!)

Removing output files of failed job unzip_genes_1 since they might be corrupted:
/mnt/mydatalocal/genes/SRR628588/SRR628588_1.fastq
Complete log: /home/ubuntu/Projet_Hackaton/.snakemake/log/2021-10-21T152550.471690.snakemake.log
