Building DAG of jobs...
Using shell: /usr/bin/bash
Provided cores: 1 (use --cores to define parallelism)
Rules claiming more threads will be scaled down.
Job stats:
job              count    min threads    max threads
-------------  -------  -------------  -------------
all                  1              1              1
unzip_genes_2        7              1              1
total                8              1              1

Select jobs to execute...

[Thu Oct 21 15:46:06 2021]
rule unzip_genes_2:
    input: /mnt/mydatalocal/genes/SRR628587/SRR628587_2.fastq.gz
    output: /mnt/mydatalocal/genes/SRR628587/SRR628587_2.fastq
    jobid: 6
    wildcards: sample=7
    resources: tmpdir=/tmp

[Thu Oct 21 15:47:17 2021]
Finished job 6.
1 of 8 steps (12%) done
Select jobs to execute...

[Thu Oct 21 15:47:17 2021]
rule unzip_genes_2:
    input: /mnt/mydatalocal/genes/SRR628585/SRR628585_2.fastq.gz
    output: /mnt/mydatalocal/genes/SRR628585/SRR628585_2.fastq
    jobid: 4
    wildcards: sample=5
    resources: tmpdir=/tmp

[Thu Oct 21 15:48:23 2021]
Finished job 4.
2 of 8 steps (25%) done
Select jobs to execute...

[Thu Oct 21 15:48:23 2021]
rule unzip_genes_2:
    input: /mnt/mydatalocal/genes/SRR628583/SRR628583_2.fastq.gz
    output: /mnt/mydatalocal/genes/SRR628583/SRR628583_2.fastq
    jobid: 2
    wildcards: sample=3
    resources: tmpdir=/tmp

[Thu Oct 21 15:49:38 2021]
Finished job 2.
3 of 8 steps (38%) done
Select jobs to execute...

[Thu Oct 21 15:49:38 2021]
rule unzip_genes_2:
    input: /mnt/mydatalocal/genes/SRR628582/SRR628582_2.fastq.gz
    output: /mnt/mydatalocal/genes/SRR628582/SRR628582_2.fastq
    jobid: 1
    wildcards: sample=2
    resources: tmpdir=/tmp

[Thu Oct 21 15:50:38 2021]
Finished job 1.
4 of 8 steps (50%) done
Select jobs to execute...

[Thu Oct 21 15:50:38 2021]
rule unzip_genes_2:
    input: /mnt/mydatalocal/genes/SRR628586/SRR628586_2.fastq.gz
    output: /mnt/mydatalocal/genes/SRR628586/SRR628586_2.fastq
    jobid: 5
    wildcards: sample=6
    resources: tmpdir=/tmp

[Thu Oct 21 15:51:26 2021]
Finished job 5.
5 of 8 steps (62%) done
Select jobs to execute...

[Thu Oct 21 15:51:26 2021]
rule unzip_genes_2:
    input: /mnt/mydatalocal/genes/SRR628584/SRR628584_2.fastq.gz
    output: /mnt/mydatalocal/genes/SRR628584/SRR628584_2.fastq
    jobid: 3
    wildcards: sample=4
    resources: tmpdir=/tmp

[Thu Oct 21 15:52:11 2021]
Finished job 3.
6 of 8 steps (75%) done
Select jobs to execute...

[Thu Oct 21 15:52:11 2021]
rule unzip_genes_2:
    input: /mnt/mydatalocal/genes/SRR628588/SRR628588_2.fastq.gz
    output: /mnt/mydatalocal/genes/SRR628588/SRR628588_2.fastq
    jobid: 7
    wildcards: sample=8
    resources: tmpdir=/tmp

[Thu Oct 21 15:53:09 2021]
Finished job 7.
7 of 8 steps (88%) done
Select jobs to execute...

[Thu Oct 21 15:53:09 2021]
localrule all:
    input: /mnt/mydatalocal/genes/SRR628582/SRR628582_2.fastq, /mnt/mydatalocal/genes/SRR628583/SRR628583_2.fastq, /mnt/mydatalocal/genes/SRR628584/SRR628584_2.fastq, /mnt/mydatalocal/genes/SRR628585/SRR628585_2.fastq, /mnt/mydatalocal/genes/SRR628586/SRR628586_2.fastq, /mnt/mydatalocal/genes/SRR628587/SRR628587_2.fastq, /mnt/mydatalocal/genes/SRR628588/SRR628588_2.fastq
    jobid: 0
    resources: tmpdir=/tmp

[Thu Oct 21 15:53:09 2021]
Finished job 0.
8 of 8 steps (100%) done
Complete log: /home/ubuntu/Projet_Hackaton/.snakemake/log/2021-10-21T154605.555248.snakemake.log
