Building DAG of jobs...
Using shell: /usr/bin/bash
Provided cores: 1 (use --cores to define parallelism)
Rules claiming more threads will be scaled down.
Job stats:
job      count    min threads    max threads
-----  -------  -------------  -------------
all          1              1              1
count       16              1              1
total       17              1              1

Select jobs to execute...

[Fri Oct  8 15:06:51 2021]
rule count:
    input: README.md
    output: genes/SRR628584_1.fastq.gz
    jobid: 5
    wildcards: sample=4, i=1
    resources: tmpdir=/tmp

RuleException in line 9 of /home/ubuntu/Projet_Hackaton/Snakefile:
NameError: The name 'sample' is unknown in this context. Did you mean 'wildcards.sample'?
