The flag 'directory' used in rule unzip_chr is only valid for outputs, not inputs.
The flag 'directory' used in rule unzip_chr is only valid for outputs, not inputs.
The flag 'directory' used in rule unzip_chr is only valid for outputs, not inputs.
The flag 'directory' used in rule unzip_chr is only valid for outputs, not inputs.
The flag 'directory' used in rule unzip_chr is only valid for outputs, not inputs.
The flag 'directory' used in rule unzip_chr is only valid for outputs, not inputs.
The flag 'directory' used in rule unzip_chr is only valid for outputs, not inputs.
The flag 'directory' used in rule unzip_chr is only valid for outputs, not inputs.
The flag 'directory' used in rule unzip_chr is only valid for outputs, not inputs.
The flag 'directory' used in rule unzip_chr is only valid for outputs, not inputs.
The flag 'directory' used in rule unzip_chr is only valid for outputs, not inputs.
The flag 'directory' used in rule unzip_chr is only valid for outputs, not inputs.
The flag 'directory' used in rule unzip_chr is only valid for outputs, not inputs.
The flag 'directory' used in rule unzip_chr is only valid for outputs, not inputs.
The flag 'directory' used in rule unzip_chr is only valid for outputs, not inputs.
The flag 'directory' used in rule unzip_chr is only valid for outputs, not inputs.
The flag 'directory' used in rule unzip_chr is only valid for outputs, not inputs.
The flag 'directory' used in rule unzip_chr is only valid for outputs, not inputs.
The flag 'directory' used in rule unzip_chr is only valid for outputs, not inputs.
The flag 'directory' used in rule unzip_chr is only valid for outputs, not inputs.
The flag 'directory' used in rule unzip_chr is only valid for outputs, not inputs.
The flag 'directory' used in rule unzip_genes is only valid for outputs, not inputs.
Building DAG of jobs...
WorkflowError:
Target rules may not contain wildcards. Please specify concrete files or a rule without wildcards at the command line, or have a rule without wildcards at the very top of your workflow (e.g. the typical "rule all" which just collects all results you want to generate in the end).
