Building DAG of jobs...
Using shell: /usr/bin/bash
Provided cores: 1 (use --cores to define parallelism)
Rules claiming more threads will be scaled down.
Job stats:
job      count    min threads    max threads
-----  -------  -------------  -------------
all          1              1              1
count       16              1              1
total       17              1              1

Select jobs to execute...

[Thu Oct 14 13:29:31 2021]
rule count:
    input: README.md
    output: /mnt/mydatalocal/genes/SRR628582/SRR628582_2.fastq.gz
    jobid: 2
    wildcards: sample=2, i=2
    resources: tmpdir=/tmp

RuleException in line 15 of /home/ubuntu/Projet_Hackaton/Snakefile:
NameError: The name 'test' is unknown in this context. Please make sure that you defined that variable. Also note that braces not used for variable access have to be escaped by repeating them, i.e. {{print $1}}
