The flag 'directory' used in rule all is only valid for outputs, not inputs.
The flag 'directory' used in rule all is only valid for outputs, not inputs.
The flag 'directory' used in rule all is only valid for outputs, not inputs.
The flag 'directory' used in rule all is only valid for outputs, not inputs.
The flag 'directory' used in rule all is only valid for outputs, not inputs.
The flag 'directory' used in rule all is only valid for outputs, not inputs.
The flag 'directory' used in rule all is only valid for outputs, not inputs.
The flag 'directory' used in rule all is only valid for outputs, not inputs.
The flag 'directory' used in rule all is only valid for outputs, not inputs.
The flag 'directory' used in rule all is only valid for outputs, not inputs.
The flag 'directory' used in rule all is only valid for outputs, not inputs.
The flag 'directory' used in rule all is only valid for outputs, not inputs.
The flag 'directory' used in rule all is only valid for outputs, not inputs.
The flag 'directory' used in rule all is only valid for outputs, not inputs.
The flag 'directory' used in rule all is only valid for outputs, not inputs.
The flag 'directory' used in rule all is only valid for outputs, not inputs.
The flag 'directory' used in rule all is only valid for outputs, not inputs.
The flag 'directory' used in rule all is only valid for outputs, not inputs.
The flag 'directory' used in rule all is only valid for outputs, not inputs.
The flag 'directory' used in rule all is only valid for outputs, not inputs.
The flag 'directory' used in rule all is only valid for outputs, not inputs.
The flag 'directory' used in rule all is only valid for outputs, not inputs.
Building DAG of jobs...
Using shell: /usr/bin/bash
Provided cores: 1 (use --cores to define parallelism)
Rules claiming more threads will be scaled down.
Job stats:
job              count    min threads    max threads
-------------  -------  -------------  -------------
all                  1              1              1
download_gene       22              1              1
total               23              1              1

Select jobs to execute...

[Thu Oct 21 13:30:46 2021]
rule download_gene:
    output: /mnt/mydatalocal/chromosome/Chr18
    jobid: 18
    wildcards: sample=18
    resources: tmpdir=/tmp

[Thu Oct 21 13:30:47 2021]
Finished job 18.
1 of 23 steps (4%) done
Select jobs to execute...

[Thu Oct 21 13:30:47 2021]
rule download_gene:
    output: /mnt/mydatalocal/chromosome/Chr10
    jobid: 10
    wildcards: sample=10
    resources: tmpdir=/tmp

[Thu Oct 21 13:30:48 2021]
Finished job 10.
2 of 23 steps (9%) done
Select jobs to execute...

[Thu Oct 21 13:30:48 2021]
rule download_gene:
    output: /mnt/mydatalocal/chromosome/Chr4
    jobid: 4
    wildcards: sample=4
    resources: tmpdir=/tmp

[Thu Oct 21 13:30:49 2021]
Finished job 4.
3 of 23 steps (13%) done
Select jobs to execute...

[Thu Oct 21 13:30:49 2021]
rule download_gene:
    output: /mnt/mydatalocal/chromosome/Chr19
    jobid: 19
    wildcards: sample=19
    resources: tmpdir=/tmp

[Thu Oct 21 13:30:50 2021]
Finished job 19.
4 of 23 steps (17%) done
Select jobs to execute...

[Thu Oct 21 13:30:50 2021]
rule download_gene:
    output: /mnt/mydatalocal/chromosome/Chr20
    jobid: 20
    wildcards: sample=20
    resources: tmpdir=/tmp

[Thu Oct 21 13:30:51 2021]
Finished job 20.
5 of 23 steps (22%) done
Select jobs to execute...

[Thu Oct 21 13:30:51 2021]
rule download_gene:
    output: /mnt/mydatalocal/chromosome/Chr3
    jobid: 3
    wildcards: sample=3
    resources: tmpdir=/tmp

[Thu Oct 21 13:30:53 2021]
Finished job 3.
6 of 23 steps (26%) done
Select jobs to execute...

[Thu Oct 21 13:30:53 2021]
rule download_gene:
    output: /mnt/mydatalocal/chromosome/Chr12
    jobid: 12
    wildcards: sample=12
    resources: tmpdir=/tmp

[Thu Oct 21 13:30:54 2021]
Finished job 12.
7 of 23 steps (30%) done
Select jobs to execute...

[Thu Oct 21 13:30:54 2021]
rule download_gene:
    output: /mnt/mydatalocal/chromosome/Chr13
    jobid: 13
    wildcards: sample=13
    resources: tmpdir=/tmp

[Thu Oct 21 13:30:55 2021]
Finished job 13.
8 of 23 steps (35%) done
Select jobs to execute...

[Thu Oct 21 13:30:55 2021]
rule download_gene:
    output: /mnt/mydatalocal/chromosome/Chr21
    jobid: 21
    wildcards: sample=21
    resources: tmpdir=/tmp

[Thu Oct 21 13:30:55 2021]
Finished job 21.
9 of 23 steps (39%) done
Select jobs to execute...

[Thu Oct 21 13:30:55 2021]
rule download_gene:
    output: /mnt/mydatalocal/chromosome/Chr8
    jobid: 8
    wildcards: sample=8
    resources: tmpdir=/tmp

[Thu Oct 21 13:30:57 2021]
Finished job 8.
10 of 23 steps (43%) done
Select jobs to execute...

[Thu Oct 21 13:30:57 2021]
rule download_gene:
    output: /mnt/mydatalocal/chromosome/Chr15
    jobid: 15
    wildcards: sample=15
    resources: tmpdir=/tmp

[Thu Oct 21 13:30:58 2021]
Finished job 15.
11 of 23 steps (48%) done
Select jobs to execute...

[Thu Oct 21 13:30:58 2021]
rule download_gene:
    output: /mnt/mydatalocal/chromosome/Chr2
    jobid: 2
    wildcards: sample=2
    resources: tmpdir=/tmp

[Thu Oct 21 13:30:59 2021]
Finished job 2.
12 of 23 steps (52%) done
Select jobs to execute...

[Thu Oct 21 13:30:59 2021]
rule download_gene:
    output: /mnt/mydatalocal/chromosome/Chr17
    jobid: 17
    wildcards: sample=17
    resources: tmpdir=/tmp

[Thu Oct 21 13:31:00 2021]
Finished job 17.
13 of 23 steps (57%) done
Select jobs to execute...

[Thu Oct 21 13:31:00 2021]
rule download_gene:
    output: /mnt/mydatalocal/chromosome/Chr11
    jobid: 11
    wildcards: sample=11
    resources: tmpdir=/tmp

[Thu Oct 21 13:31:02 2021]
Finished job 11.
14 of 23 steps (61%) done
Select jobs to execute...

[Thu Oct 21 13:31:02 2021]
rule download_gene:
    output: /mnt/mydatalocal/chromosome/Chr6
    jobid: 6
    wildcards: sample=6
    resources: tmpdir=/tmp

[Thu Oct 21 13:31:03 2021]
Finished job 6.
15 of 23 steps (65%) done
Select jobs to execute...

[Thu Oct 21 13:31:03 2021]
rule download_gene:
    output: /mnt/mydatalocal/chromosome/Chr16
    jobid: 16
    wildcards: sample=16
    resources: tmpdir=/tmp

[Thu Oct 21 13:31:04 2021]
Finished job 16.
16 of 23 steps (70%) done
Select jobs to execute...

[Thu Oct 21 13:31:04 2021]
rule download_gene:
    output: /mnt/mydatalocal/chromosome/Chr9
    jobid: 9
    wildcards: sample=9
    resources: tmpdir=/tmp

[Thu Oct 21 13:31:05 2021]
Finished job 9.
17 of 23 steps (74%) done
Select jobs to execute...

[Thu Oct 21 13:31:05 2021]
rule download_gene:
    output: /mnt/mydatalocal/chromosome/Chr1
    jobid: 1
    wildcards: sample=1
    resources: tmpdir=/tmp

[Thu Oct 21 13:31:07 2021]
Finished job 1.
18 of 23 steps (78%) done
Select jobs to execute...

[Thu Oct 21 13:31:07 2021]
rule download_gene:
    output: /mnt/mydatalocal/chromosome/Chr14
    jobid: 14
    wildcards: sample=14
    resources: tmpdir=/tmp

[Thu Oct 21 13:31:08 2021]
Finished job 14.
19 of 23 steps (83%) done
Select jobs to execute...

[Thu Oct 21 13:31:08 2021]
rule download_gene:
    output: /mnt/mydatalocal/chromosome/Chr5
    jobid: 5
    wildcards: sample=5
    resources: tmpdir=/tmp

[Thu Oct 21 13:31:09 2021]
Finished job 5.
20 of 23 steps (87%) done
Select jobs to execute...

[Thu Oct 21 13:31:09 2021]
rule download_gene:
    output: /mnt/mydatalocal/chromosome/ChrMt
    jobid: 22
    wildcards: sample=Mt
    resources: tmpdir=/tmp

[Thu Oct 21 13:31:10 2021]
Error in rule download_gene:
    jobid: 22
    output: /mnt/mydatalocal/chromosome/ChrMt
    shell:
        
                        mkdir /mnt/mydatalocal/chromosome/ChrMt
                        wget -P /mnt/mydatalocal/chromosome/ChrMt "ftp://ftp.ensembl.org/pub/release-101/fasta/homo_sapiens/dna/Homo_sapiens.GRCh38.dna.chromosome.Mt.fa.gz"
                
        (one of the commands exited with non-zero exit code; note that snakemake uses bash strict mode!)

Removing output files of failed job download_gene since they might be corrupted:
/mnt/mydatalocal/chromosome/ChrMt
Shutting down, this might take some time.
Exiting because a job execution failed. Look above for error message
Complete log: /home/ubuntu/Projet_Hackaton/.snakemake/log/2021-10-21T133046.056415.snakemake.log
