Building DAG of jobs...
Using shell: /usr/bin/bash
Provided cores: 1 (use --cores to define parallelism)
Rules claiming more threads will be scaled down.
Job stats:
job      count    min threads    max threads
-----  -------  -------------  -------------
all          1              1              1
count       16              1              1
total       17              1              1

Select jobs to execute...

[Thu Oct 14 13:21:21 2021]
rule count:
    input: README.md
    output: /mnt/mydatalocal/genes/SRR628582/SRR628582_2.fastq.gz
    jobid: 2
    wildcards: sample=2, i=2
    resources: tmpdir=/tmp

[Thu Oct 14 13:21:21 2021]
Error in rule count:
    jobid: 2
    output: /mnt/mydatalocal/genes/SRR628582/SRR628582_2.fastq.gz
    shell:
        
			wget "ftp://ftp.sra.ebi.ac.uk/vol1/fastq/SRR628/echo /mnt/mydatalocal/genes/SRR628582/SRR628582_2.fastq.gz | head -c 23 |" > /mnt/mydatalocal/genes/SRR628582/SRR628582_2.fastq.gz
		
        (one of the commands exited with non-zero exit code; note that snakemake uses bash strict mode!)

Removing output files of failed job count since they might be corrupted:
/mnt/mydatalocal/genes/SRR628582/SRR628582_2.fastq.gz
Shutting down, this might take some time.
Exiting because a job execution failed. Look above for error message
Complete log: /home/ubuntu/Projet_Hackaton/.snakemake/log/2021-10-14T132120.932863.snakemake.log
