Building DAG of jobs...
Using shell: /usr/bin/bash
Provided cores: 1 (use --cores to define parallelism)
Rules claiming more threads will be scaled down.
Job stats:
job      count    min threads    max threads
-----  -------  -------------  -------------
all          1              1              1
count       12              1              1
total       13              1              1

Select jobs to execute...

[Fri Oct 15 11:47:11 2021]
rule count:
    input: README.md
    output: /mnt/mydatalocal/genes/SRR628586/SRR628586_2.fastq.gz, SRR628586/SRR628586_2.fastq.gz
    jobid: 6
    wildcards: sample=6, i=2
    resources: tmpdir=/tmp

[Fri Oct 15 11:47:11 2021]
Error in rule count:
    jobid: 6
    output: /mnt/mydatalocal/genes/SRR628586/SRR628586_2.fastq.gz, SRR628586/SRR628586_2.fastq.gz
    shell:
        
			wget "ftp://ftp.sra.ebi.ac.uk/vol1/fastq/SRR628/SRR628586/SRR628586_2.fastq.gz" > /mnt/mydatalocal/genes/SRR628586/SRR628586_2.fastq.gz
		
        (one of the commands exited with non-zero exit code; note that snakemake uses bash strict mode!)

Removing output files of failed job count since they might be corrupted:
/mnt/mydatalocal/genes/SRR628586/SRR628586_2.fastq.gz
Shutting down, this might take some time.
Exiting because a job execution failed. Look above for error message
Complete log: /home/ubuntu/Projet_Hackaton/.snakemake/log/2021-10-15T114710.584819.snakemake.log
