The flag 'directory' used in rule all is only valid for outputs, not inputs.
Building DAG of jobs...
Using shell: /usr/bin/bash
Provided cores: 1 (use --cores to define parallelism)
Rules claiming more threads will be scaled down.
Job stats:
job              count    min threads    max threads
-------------  -------  -------------  -------------
all                  1              1              1
download_gene        1              1              1
total                2              1              1

Select jobs to execute...

[Thu Oct 21 12:32:22 2021]
rule download_gene:
    output: /mnt/mydatalocal/genes/SRR628584
    jobid: 1
    wildcards: sample=4
    resources: tmpdir=/tmp

[Thu Oct 21 12:34:16 2021]
Finished job 1.
1 of 2 steps (50%) done
Select jobs to execute...

[Thu Oct 21 12:34:16 2021]
localrule all:
    input: /mnt/mydatalocal/genes/SRR628584
    jobid: 0
    resources: tmpdir=/tmp

[Thu Oct 21 12:34:16 2021]
Finished job 0.
2 of 2 steps (100%) done
Complete log: /home/ubuntu/Projet_Hackaton/.snakemake/log/2021-10-21T123222.363995.snakemake.log
