The flag 'directory' used in rule all is only valid for outputs, not inputs.
The flag 'directory' used in rule all is only valid for outputs, not inputs.
The flag 'directory' used in rule all is only valid for outputs, not inputs.
The flag 'directory' used in rule all is only valid for outputs, not inputs.
Building DAG of jobs...
Using shell: /usr/bin/bash
Provided cores: 1 (use --cores to define parallelism)
Rules claiming more threads will be scaled down.
Job stats:
job              count    min threads    max threads
-------------  -------  -------------  -------------
all                  1              1              1
download_gene        4              1              1
total                5              1              1

Select jobs to execute...

[Thu Oct 21 12:35:33 2021]
rule download_gene:
    output: /mnt/mydatalocal/genes/SRR628585
    jobid: 1
    wildcards: sample=5
    resources: tmpdir=/tmp

[Thu Oct 21 12:40:59 2021]
Finished job 1.
1 of 5 steps (20%) done
Select jobs to execute...

[Thu Oct 21 12:40:59 2021]
rule download_gene:
    output: /mnt/mydatalocal/genes/SRR628587
    jobid: 3
    wildcards: sample=7
    resources: tmpdir=/tmp

[Thu Oct 21 12:48:31 2021]
Finished job 3.
2 of 5 steps (40%) done
Select jobs to execute...

[Thu Oct 21 12:48:31 2021]
rule download_gene:
    output: /mnt/mydatalocal/genes/SRR628588
    jobid: 4
    wildcards: sample=8
    resources: tmpdir=/tmp

[Thu Oct 21 12:54:18 2021]
Finished job 4.
3 of 5 steps (60%) done
Select jobs to execute...

[Thu Oct 21 12:54:18 2021]
rule download_gene:
    output: /mnt/mydatalocal/genes/SRR628586
    jobid: 2
    wildcards: sample=6
    resources: tmpdir=/tmp

[Thu Oct 21 12:58:59 2021]
Finished job 2.
4 of 5 steps (80%) done
Select jobs to execute...

[Thu Oct 21 12:58:59 2021]
localrule all:
    input: /mnt/mydatalocal/genes/SRR628585, /mnt/mydatalocal/genes/SRR628586, /mnt/mydatalocal/genes/SRR628587, /mnt/mydatalocal/genes/SRR628588
    jobid: 0
    resources: tmpdir=/tmp

[Thu Oct 21 12:58:59 2021]
Finished job 0.
5 of 5 steps (100%) done
Complete log: /home/ubuntu/Projet_Hackaton/.snakemake/log/2021-10-21T123532.960358.snakemake.log
